<?xml version="1.0" encoding="UTF-8"?>
<testsuite name="lang.ParseTests" tests="4" skipped="0" failures="0" errors="0" timestamp="2017-09-07T13:28:27" hostname="varg-10" time="0.019">
  <properties/>
  <testcase name="allLanguage" classname="lang.ParseTests" time="0.013"/>
  <testcase name="errorOnParse" classname="lang.ParseTests" time="0.002"/>
  <testcase name="l2t" classname="lang.ParseTests" time="0.001"/>
  <testcase name="sh0rt" classname="lang.ParseTests" time="0.001"/>
  <system-out><![CDATA[]]></system-out>
  <system-err><![CDATA[]]></system-err>
</testsuite>
